Info: Starting: Create block symbol file (.bsf)
Info: ip-generate --project-directory="C:/Users/Lucas Cardoso/Documents/GitHub/sd_pbl_um/" --output-directory="C:/Users/Lucas Cardoso/Documents/GitHub/sd_pbl_um/nios_ii/" --report-file="bsf:C:/Users/Lucas Cardoso/Documents/GitHub/sd_pbl_um/nios_ii.bsf" --system-info=DEVICE_FAMILY="Cyclone IV E" --system-info=DEVICE=EP4CE6E22C8 --system-info=DEVICE_SPEEDGRADE=8 --component-file="C:/Users/Lucas Cardoso/Documents/GitHub/sd_pbl_um/nios_ii.qsys"
Progress: Loading sd_pbl_um/nios_ii.qsys
Progress: Reading input file
Progress: Adding clk_0 [clock_source 13.0]
Progress: Parameterizing module clk_0
Progress: Adding nios2_qsys_0 [altera_nios2_qsys 13.0]
Progress: Parameterizing module nios2_qsys_0
Progress: Adding onchip_memory2_0 [altera_avalon_onchip_memory2 13.0.1.99.2]
Progress: Parameterizing module onchip_memory2_0
Progress: Adding jtag_uart_0 [altera_avalon_jtag_uart 13.0.1.99.2]
Progress: Parameterizing module jtag_uart_0
Progress: Adding pio_leds [altera_avalon_pio 13.0.1.99.2]
Progress: Parameterizing module pio_leds
Progress: Adding pio_buttons [altera_avalon_pio 13.0.1.99.2]
Progress: Parameterizing module pio_buttons
Progress: Adding lcd_component_0 [lcd_component 1.0]
Progress: Parameterizing module lcd_component_0
Progress: Building connections
Progress: Parameterizing connections
Progress: Validating
Progress: Done reading input file
Info: nios_ii.pio_buttons: PIO inputs are not hardwired in test bench. Undefined values will be read from PIO inputs during simulation.
Info: ip-generate succeeded.
Info: Finished: Create block symbol file (.bsf)
Info: 
Info: Starting: Create HDL design files for synthesis
Info: ip-generate --project-directory="C:/Users/Lucas Cardoso/Documents/GitHub/sd_pbl_um/" --output-directory="C:/Users/Lucas Cardoso/Documents/GitHub/sd_pbl_um/nios_ii/synthesis/" --file-set=QUARTUS_SYNTH --report-file="sopcinfo:C:/Users/Lucas Cardoso/Documents/GitHub/sd_pbl_um/nios_ii.sopcinfo" --report-file="html:C:/Users/Lucas Cardoso/Documents/GitHub/sd_pbl_um/nios_ii.html" --report-file="qip:C:/Users/Lucas Cardoso/Documents/GitHub/sd_pbl_um/nios_ii/synthesis/nios_ii.qip" --report-file="cmp:C:/Users/Lucas Cardoso/Documents/GitHub/sd_pbl_um/nios_ii.cmp" --report-file=svd --system-info=DEVICE_FAMILY="Cyclone IV E" --system-info=DEVICE=EP4CE6E22C8 --system-info=DEVICE_SPEEDGRADE=8 --component-file="C:/Users/Lucas Cardoso/Documents/GitHub/sd_pbl_um/nios_ii.qsys" --language=VERILOG
Progress: Loading sd_pbl_um/nios_ii.qsys
Progress: Reading input file
Progress: Adding clk_0 [clock_source 13.0]
Progress: Parameterizing module clk_0
Progress: Adding nios2_qsys_0 [altera_nios2_qsys 13.0]
Progress: Parameterizing module nios2_qsys_0
Progress: Adding onchip_memory2_0 [altera_avalon_onchip_memory2 13.0.1.99.2]
Progress: Parameterizing module onchip_memory2_0
Progress: Adding jtag_uart_0 [altera_avalon_jtag_uart 13.0.1.99.2]
Progress: Parameterizing module jtag_uart_0
Progress: Adding pio_leds [altera_avalon_pio 13.0.1.99.2]
Progress: Parameterizing module pio_leds
Progress: Adding pio_buttons [altera_avalon_pio 13.0.1.99.2]
Progress: Parameterizing module pio_buttons
Progress: Adding lcd_component_0 [lcd_component 1.0]
Progress: Parameterizing module lcd_component_0
Progress: Building connections
Progress: Parameterizing connections
Progress: Validating
Progress: Done reading input file
Info: nios_ii.pio_buttons: PIO inputs are not hardwired in test bench. Undefined values will be read from PIO inputs during simulation.
Info: nios_ii: Generating nios_ii "nios_ii" for QUARTUS_SYNTH
Info: pipeline_bridge_swap_transform: After transform: 7 modules, 22 connections
Info: merlin_custom_instruction_transform: After transform: 10 modules, 25 connections
Info: merlin_translator_transform: After transform: 17 modules, 46 connections
Info: merlin_domain_transform: After transform: 30 modules, 110 connections
Info: merlin_router_transform: After transform: 37 modules, 131 connections
Info: reset_adaptation_transform: After transform: 38 modules, 133 connections
Info: merlin_network_to_switch_transform: After transform: 51 modules, 167 connections
Info: merlin_mm_transform: After transform: 51 modules, 167 connections
Info: merlin_interrupt_mapper_transform: After transform: 52 modules, 170 connections
Warning: nios_ii: "No matching role found for nios2_qsys_0_custom_instruction_master_multi_xconnect:ci_slave:ci_slave_ipending (ipending)"
Warning: nios_ii: "No matching role found for nios2_qsys_0_custom_instruction_master_multi_xconnect:ci_slave:ci_slave_estatus (estatus)"
Warning: nios_ii: "No matching role found for nios2_qsys_0_custom_instruction_master_multi_slave_translator0:ci_master:ci_master_result (result)"
Warning: nios_ii: "No matching role found for nios2_qsys_0_custom_instruction_master_multi_slave_translator0:ci_master:ci_master_reset (reset)"
Warning: nios_ii: "No matching role found for rst_controller:reset_out:reset_req (reset_req)"
Warning: nios_ii: "No matching role found for rst_controller:reset_out:reset_req (reset_req)"
Warning: nios_ii: "No matching role found for rst_controller:reset_out:reset_req (reset_req)"
Warning: nios_ii: "No matching role found for rst_controller:reset_out:reset_req (reset_req)"
Warning: nios_ii: "No matching role found for rst_controller:reset_out:reset_req (reset_req)"
Warning: nios_ii: "No matching role found for rst_controller:reset_out:reset_req (reset_req)"
Warning: nios_ii: "No matching role found for rst_controller:reset_out:reset_req (reset_req)"
Warning: nios_ii: "No matching role found for rst_controller:reset_out:reset_req (reset_req)"
Warning: nios_ii: "No matching role found for rst_controller:reset_out:reset_req (reset_req)"
Warning: nios_ii: "No matching role found for rst_controller:reset_out:reset_req (reset_req)"
Warning: nios_ii: "No matching role found for rst_controller:reset_out:reset_req (reset_req)"
Warning: nios_ii: "No matching role found for rst_controller:reset_out:reset_req (reset_req)"
Warning: nios_ii: "No matching role found for rst_controller:reset_out:reset_req (reset_req)"
Warning: nios_ii: "No matching role found for rst_controller:reset_out:reset_req (reset_req)"
Warning: nios_ii: "No matching role found for rst_controller:reset_out:reset_req (reset_req)"
Warning: nios_ii: "No matching role found for rst_controller:reset_out:reset_req (reset_req)"
Warning: nios_ii: "No matching role found for rst_controller:reset_out:reset_req (reset_req)"
Warning: nios_ii: "No matching role found for rst_controller:reset_out:reset_req (reset_req)"
Warning: nios_ii: "No matching role found for rst_controller:reset_out:reset_req (reset_req)"
Warning: nios_ii: "No matching role found for rst_controller:reset_out:reset_req (reset_req)"
Warning: nios_ii: "No matching role found for rst_controller:reset_out:reset_req (reset_req)"
Warning: nios_ii: "No matching role found for rst_controller:reset_out:reset_req (reset_req)"
Warning: nios_ii: "No matching role found for rst_controller:reset_out:reset_req (reset_req)"
Warning: nios_ii: "No matching role found for rst_controller:reset_out:reset_req (reset_req)"
Warning: nios_ii: "No matching role found for rst_controller:reset_out:reset_req (reset_req)"
Warning: nios_ii: "No matching role found for rst_controller:reset_out:reset_req (reset_req)"
Warning: nios_ii: "No matching role found for rst_controller:reset_out:reset_req (reset_req)"
Warning: nios_ii: "No matching role found for rst_controller:reset_out:reset_req (reset_req)"
Warning: nios_ii: "No matching role found for rst_controller:reset_out:reset_req (reset_req)"
Warning: nios_ii: "No matching role found for rst_controller:reset_out:reset_req (reset_req)"
Warning: nios_ii: "No matching role found for rst_controller:reset_out:reset_req (reset_req)"
Warning: nios_ii: "No matching role found for rst_controller:reset_out:reset_req (reset_req)"
Warning: nios_ii: "No matching role found for rst_controller:reset_out:reset_req (reset_req)"
Warning: nios_ii: "No matching role found for rst_controller:reset_out:reset_req (reset_req)"
Warning: nios_ii: "No matching role found for rst_controller:reset_out:reset_req (reset_req)"
Warning: nios_ii: "No matching role found for rst_controller:reset_out:reset_req (reset_req)"
Warning: nios_ii: "No matching role found for rst_controller:reset_out:reset_req (reset_req)"
Warning: nios_ii: "No matching role found for rst_controller:reset_out:reset_req (reset_req)"
Warning: nios_ii: "No matching role found for rst_controller:reset_out:reset_req (reset_req)"
Warning: nios_ii: "No matching role found for rst_controller:reset_out:reset_req (reset_req)"
Warning: nios_ii: "No matching role found for rst_controller:reset_out:reset_req (reset_req)"
Warning: nios_ii: "No matching role found for rst_controller:reset_out:reset_req (reset_req)"
Warning: nios_ii: "No matching role found for rst_controller:reset_out:reset_req (reset_req)"
Warning: nios_ii: "No matching role found for rst_controller:reset_out:reset_req (reset_req)"
Warning: nios_ii: "No matching role found for rst_controller:reset_out:reset_req (reset_req)"
Info: nios2_qsys_0: Starting RTL generation for module 'nios_ii_nios2_qsys_0'
Info: nios2_qsys_0:   Generation command is [exec C:/altera/13.0sp1/quartus/../ip/altera/nios2_ip/altera_nios2/eperl.exe -I C:/altera/13.0sp1/quartus/common/ip/altera/common/perl/5.8.3 -I C:/altera/13.0sp1/quartus/sopc_builder/bin/europa -I C:/altera/13.0sp1/quartus/sopc_builder/bin/perl_lib -I C:/altera/13.0sp1/quartus/sopc_builder/bin -I C:/altera/13.0sp1/quartus/../ip/altera/nios2_ip/altera_nios2/cpu_lib -I C:/altera/13.0sp1/quartus/../ip/altera/nios2_ip/altera_nios2/nios_lib -I C:/altera/13.0sp1/quartus/../ip/altera/nios2_ip/altera_nios2 -I C:/altera/13.0sp1/quartus/../ip/altera/nios2_ip/altera_nios2 -- C:/altera/13.0sp1/quartus/../ip/altera/nios2_ip/altera_nios2/generate_rtl.epl --name=nios_ii_nios2_qsys_0 --dir=C:/Users/LUCASC~1/AppData/Local/Temp/alt7996_3244237228983259341.dir/0001_nios2_qsys_0_gen/ --quartus_dir=C:/altera/13.0sp1/quartus --verilog --config=C:/Users/LUCASC~1/AppData/Local/Temp/alt7996_3244237228983259341.dir/0001_nios2_qsys_0_gen//nios_ii_nios2_qsys_0_processor_configuration.pl  --do_build_sim=0    --bogus  ]
Info: nios2_qsys_0: # 2019.04.10 13:42:22 (*) Starting Nios II generation
Info: nios2_qsys_0: # 2019.04.10 13:42:22 (*)   Checking for plaintext license.
Info: nios2_qsys_0: # 2019.04.10 13:42:23 (*)   Couldn't query license setup in Quartus directory C:/altera/13.0sp1/quartus
Info: nios2_qsys_0: # 2019.04.10 13:42:23 (*)   Defaulting to contents of LM_LICENSE_FILE environment variable
Info: nios2_qsys_0: # 2019.04.10 13:42:23 (*)   LM_LICENSE_FILE environment variable is empty
Info: nios2_qsys_0: # 2019.04.10 13:42:23 (*)   Plaintext license not found.
Info: nios2_qsys_0: # 2019.04.10 13:42:23 (*)   No license required to generate encrypted Nios II/e.
Info: nios2_qsys_0: # 2019.04.10 13:42:23 (*)   Elaborating CPU configuration settings
Info: nios2_qsys_0: # 2019.04.10 13:42:23 (*)   Creating all objects for CPU
Info: nios2_qsys_0: # 2019.04.10 13:42:25 (*)   Generating RTL from CPU objects
Info: nios2_qsys_0: # 2019.04.10 13:42:25 (*)   Creating plain-text RTL
Info: nios2_qsys_0: # 2019.04.10 13:42:29 (*) Done Nios II generation
Info: nios2_qsys_0: Done RTL generation for module 'nios_ii_nios2_qsys_0'
Info: nios2_qsys_0: "nios_ii" instantiated altera_nios2_qsys "nios2_qsys_0"
Info: onchip_memory2_0: Starting RTL generation for module 'nios_ii_onchip_memory2_0'
Info: onchip_memory2_0:   Generation command is [exec C:/altera/13.0sp1/quartus/bin/perl/bin/perl.exe -I C:/altera/13.0sp1/quartus/common/ip/altera/common/perl/5.8.3 -I C:/altera/13.0sp1/quartus/sopc_builder/bin/europa -I C:/altera/13.0sp1/quartus/sopc_builder/bin/perl_lib -I C:/altera/13.0sp1/quartus/sopc_builder/bin -I C:/altera/13.0sp1/quartus/../ip/altera/sopc_builder_ip/common -I C:/altera/13.0sp1/quartus/../ip/altera/sopc_builder_ip/altera_avalon_onchip_memory2 -- C:/altera/13.0sp1/quartus/../ip/altera/sopc_builder_ip/altera_avalon_onchip_memory2/generate_rtl.pl --name=nios_ii_onchip_memory2_0 --dir=C:/Users/LUCASC~1/AppData/Local/Temp/alt7996_3244237228983259341.dir/0002_onchip_memory2_0_gen/ --quartus_dir=C:/altera/13.0sp1/quartus --verilog --config=C:/Users/LUCASC~1/AppData/Local/Temp/alt7996_3244237228983259341.dir/0002_onchip_memory2_0_gen//nios_ii_onchip_memory2_0_component_configuration.pl  --do_build_sim=0  ]
Info: onchip_memory2_0: Done RTL generation for module 'nios_ii_onchip_memory2_0'
Info: onchip_memory2_0: "nios_ii" instantiated altera_avalon_onchip_memory2 "onchip_memory2_0"
Info: jtag_uart_0: Starting RTL generation for module 'nios_ii_jtag_uart_0'
Info: jtag_uart_0:   Generation command is [exec C:/altera/13.0sp1/quartus/bin/perl/bin/perl.exe -I C:/altera/13.0sp1/quartus/common/ip/altera/common/perl/5.8.3 -I C:/altera/13.0sp1/quartus/sopc_builder/bin/europa -I C:/altera/13.0sp1/quartus/sopc_builder/bin/perl_lib -I C:/altera/13.0sp1/quartus/sopc_builder/bin -I C:/altera/13.0sp1/quartus/../ip/altera/sopc_builder_ip/common -I C:/altera/13.0sp1/quartus/../ip/altera/sopc_builder_ip/altera_avalon_jtag_uart -- C:/altera/13.0sp1/quartus/../ip/altera/sopc_builder_ip/altera_avalon_jtag_uart/generate_rtl.pl --name=nios_ii_jtag_uart_0 --dir=C:/Users/LUCASC~1/AppData/Local/Temp/alt7996_3244237228983259341.dir/0003_jtag_uart_0_gen/ --quartus_dir=C:/altera/13.0sp1/quartus --verilog --config=C:/Users/LUCASC~1/AppData/Local/Temp/alt7996_3244237228983259341.dir/0003_jtag_uart_0_gen//nios_ii_jtag_uart_0_component_configuration.pl  --do_build_sim=0  ]
Info: jtag_uart_0: Done RTL generation for module 'nios_ii_jtag_uart_0'
Info: jtag_uart_0: "nios_ii" instantiated altera_avalon_jtag_uart "jtag_uart_0"
Info: pio_leds: Starting RTL generation for module 'nios_ii_pio_leds'
Info: pio_leds:   Generation command is [exec C:/altera/13.0sp1/quartus/bin/perl/bin/perl.exe -I C:/altera/13.0sp1/quartus/common/ip/altera/common/perl/5.8.3 -I C:/altera/13.0sp1/quartus/sopc_builder/bin/europa -I C:/altera/13.0sp1/quartus/sopc_builder/bin/perl_lib -I C:/altera/13.0sp1/quartus/sopc_builder/bin -I C:/altera/13.0sp1/quartus/../ip/altera/sopc_builder_ip/common -I C:/altera/13.0sp1/quartus/../ip/altera/sopc_builder_ip/altera_avalon_pio -- C:/altera/13.0sp1/quartus/../ip/altera/sopc_builder_ip/altera_avalon_pio/generate_rtl.pl --name=nios_ii_pio_leds --dir=C:/Users/LUCASC~1/AppData/Local/Temp/alt7996_3244237228983259341.dir/0004_pio_leds_gen/ --quartus_dir=C:/altera/13.0sp1/quartus --verilog --config=C:/Users/LUCASC~1/AppData/Local/Temp/alt7996_3244237228983259341.dir/0004_pio_leds_gen//nios_ii_pio_leds_component_configuration.pl  --do_build_sim=0  ]
Info: pio_leds: Done RTL generation for module 'nios_ii_pio_leds'
Info: pio_leds: "nios_ii" instantiated altera_avalon_pio "pio_leds"
Info: pio_buttons: Starting RTL generation for module 'nios_ii_pio_buttons'
Info: pio_buttons:   Generation command is [exec C:/altera/13.0sp1/quartus/bin/perl/bin/perl.exe -I C:/altera/13.0sp1/quartus/common/ip/altera/common/perl/5.8.3 -I C:/altera/13.0sp1/quartus/sopc_builder/bin/europa -I C:/altera/13.0sp1/quartus/sopc_builder/bin/perl_lib -I C:/altera/13.0sp1/quartus/sopc_builder/bin -I C:/altera/13.0sp1/quartus/../ip/altera/sopc_builder_ip/common -I C:/altera/13.0sp1/quartus/../ip/altera/sopc_builder_ip/altera_avalon_pio -- C:/altera/13.0sp1/quartus/../ip/altera/sopc_builder_ip/altera_avalon_pio/generate_rtl.pl --name=nios_ii_pio_buttons --dir=C:/Users/LUCASC~1/AppData/Local/Temp/alt7996_3244237228983259341.dir/0005_pio_buttons_gen/ --quartus_dir=C:/altera/13.0sp1/quartus --verilog --config=C:/Users/LUCASC~1/AppData/Local/Temp/alt7996_3244237228983259341.dir/0005_pio_buttons_gen//nios_ii_pio_buttons_component_configuration.pl  --do_build_sim=0  ]
Info: pio_buttons: Done RTL generation for module 'nios_ii_pio_buttons'
Info: pio_buttons: "nios_ii" instantiated altera_avalon_pio "pio_buttons"
Info: lcd_component_0: "nios_ii" instantiated lcd_component "lcd_component_0"
Info: nios2_qsys_0_custom_instruction_master_translator: "nios_ii" instantiated altera_customins_master_translator "nios2_qsys_0_custom_instruction_master_translator"
Info: nios2_qsys_0_custom_instruction_master_multi_xconnect: "nios_ii" instantiated altera_customins_xconnect "nios2_qsys_0_custom_instruction_master_multi_xconnect"
Info: nios2_qsys_0_custom_instruction_master_multi_slave_translator0: "nios_ii" instantiated altera_customins_slave_translator "nios2_qsys_0_custom_instruction_master_multi_slave_translator0"
Info: nios2_qsys_0_instruction_master_translator: "nios_ii" instantiated altera_merlin_master_translator "nios2_qsys_0_instruction_master_translator"
Info: nios2_qsys_0_jtag_debug_module_translator: "nios_ii" instantiated altera_merlin_slave_translator "nios2_qsys_0_jtag_debug_module_translator"
Info: nios2_qsys_0_instruction_master_translator_avalon_universal_master_0_agent: "nios_ii" instantiated altera_merlin_master_agent "nios2_qsys_0_instruction_master_translator_avalon_universal_master_0_agent"
Info: nios2_qsys_0_jtag_debug_module_translator_avalon_universal_slave_0_agent: "nios_ii" instantiated altera_merlin_slave_agent "nios2_qsys_0_jtag_debug_module_translator_avalon_universal_slave_0_agent"
Info: nios2_qsys_0_jtag_debug_module_translator_avalon_universal_slave_0_agent_rsp_fifo: "nios_ii" instantiated altera_avalon_sc_fifo "nios2_qsys_0_jtag_debug_module_translator_avalon_universal_slave_0_agent_rsp_fifo"
Info: addr_router: "nios_ii" instantiated altera_merlin_router "addr_router"
Info: id_router: "nios_ii" instantiated altera_merlin_router "id_router"
Info: rst_controller: "nios_ii" instantiated altera_reset_controller "rst_controller"
Info: cmd_xbar_demux: "nios_ii" instantiated altera_merlin_demultiplexer "cmd_xbar_demux"
Info: cmd_xbar_mux: "nios_ii" instantiated altera_merlin_multiplexer "cmd_xbar_mux"
Info: rsp_xbar_demux: "nios_ii" instantiated altera_merlin_demultiplexer "rsp_xbar_demux"
Info: rsp_xbar_mux: "nios_ii" instantiated altera_merlin_multiplexer "rsp_xbar_mux"
Info: Reusing file C:/Users/Lucas Cardoso/Documents/GitHub/sd_pbl_um/nios_ii/synthesis/submodules/altera_merlin_arbitrator.sv
Info: irq_mapper: "nios_ii" instantiated altera_irq_mapper "irq_mapper"
Info: nios_ii: Done nios_ii" with 23 modules, 75 files, 1381571 bytes
Info: ip-generate succeeded.
Info: Finished: Create HDL design files for synthesis
