Info: Starting: Create block symbol file (.bsf)
Info: ip-generate --project-directory="C:/Users/Lucas Cardoso/Documents/GitHub/sd_pbl_um/" --output-directory="C:/Users/Lucas Cardoso/Documents/GitHub/sd_pbl_um/nios_ii/" --report-file="bsf:C:/Users/Lucas Cardoso/Documents/GitHub/sd_pbl_um/nios_ii.bsf" --system-info=DEVICE_FAMILY="Cyclone IV E" --system-info=DEVICE=EP4CE6E22C8 --system-info=DEVICE_SPEEDGRADE=8 --component-file="C:/Users/Lucas Cardoso/Documents/GitHub/sd_pbl_um/nios_ii.qsys"
Progress: Loading sd_pbl_um/nios_ii.qsys
Progress: Reading input file
Progress: Adding clk_0 [clock_source 13.0]
Progress: Parameterizing module clk_0
Progress: Adding nios2_qsys_0 [altera_nios2_qsys 13.0]
Progress: Parameterizing module nios2_qsys_0
Progress: Adding onchip_memory2_0 [altera_avalon_onchip_memory2 13.0.1.99.2]
Progress: Parameterizing module onchip_memory2_0
Progress: Adding jtag_uart_0 [altera_avalon_jtag_uart 13.0.1.99.2]
Progress: Parameterizing module jtag_uart_0
Progress: Adding pio_leds [altera_avalon_pio 13.0.1.99.2]
Progress: Parameterizing module pio_leds
Progress: Adding pio_buttons [altera_avalon_pio 13.0.1.99.2]
Progress: Parameterizing module pio_buttons
Progress: Adding lcd_component_0 [lcd_component 1.0]
Progress: Parameterizing module lcd_component_0
Progress: Building connections
Progress: Parameterizing connections
Progress: Validating
Progress: Done reading input file
Info: nios_ii.pio_buttons: PIO inputs are not hardwired in test bench. Undefined values will be read from PIO inputs during simulation.
Error: nios_ii.clk_0.clk/lcd_component_0.clock: Missing connection end (try "Remove Dangling Connections")
Info: ip-generate succeeded.
Info: Finished: Create block symbol file (.bsf)
Info: 
Info: Starting: Create HDL design files for synthesis
Info: ip-generate --project-directory="C:/Users/Lucas Cardoso/Documents/GitHub/sd_pbl_um/" --output-directory="C:/Users/Lucas Cardoso/Documents/GitHub/sd_pbl_um/nios_ii/synthesis/" --file-set=QUARTUS_SYNTH --report-file="sopcinfo:C:/Users/Lucas Cardoso/Documents/GitHub/sd_pbl_um/nios_ii.sopcinfo" --report-file="html:C:/Users/Lucas Cardoso/Documents/GitHub/sd_pbl_um/nios_ii.html" --report-file="qip:C:/Users/Lucas Cardoso/Documents/GitHub/sd_pbl_um/nios_ii/synthesis/nios_ii.qip" --report-file="cmp:C:/Users/Lucas Cardoso/Documents/GitHub/sd_pbl_um/nios_ii.cmp" --report-file=svd --system-info=DEVICE_FAMILY="Cyclone IV E" --system-info=DEVICE=EP4CE6E22C8 --system-info=DEVICE_SPEEDGRADE=8 --component-file="C:/Users/Lucas Cardoso/Documents/GitHub/sd_pbl_um/nios_ii.qsys" --language=VERILOG
Progress: Loading sd_pbl_um/nios_ii.qsys
Progress: Reading input file
Progress: Adding clk_0 [clock_source 13.0]
Progress: Parameterizing module clk_0
Progress: Adding nios2_qsys_0 [altera_nios2_qsys 13.0]
Progress: Parameterizing module nios2_qsys_0
Progress: Adding onchip_memory2_0 [altera_avalon_onchip_memory2 13.0.1.99.2]
Progress: Parameterizing module onchip_memory2_0
Progress: Adding jtag_uart_0 [altera_avalon_jtag_uart 13.0.1.99.2]
Progress: Parameterizing module jtag_uart_0
Progress: Adding pio_leds [altera_avalon_pio 13.0.1.99.2]
Progress: Parameterizing module pio_leds
Progress: Adding pio_buttons [altera_avalon_pio 13.0.1.99.2]
Progress: Parameterizing module pio_buttons
Progress: Adding lcd_component_0 [lcd_component 1.0]
Progress: Parameterizing module lcd_component_0
Progress: Building connections
Progress: Parameterizing connections
Progress: Validating
Progress: Done reading input file
Info: nios_ii.pio_buttons: PIO inputs are not hardwired in test bench. Undefined values will be read from PIO inputs during simulation.
Error: nios_ii.clk_0.clk/lcd_component_0.clock: Missing connection end (try "Remove Dangling Connections")
Info: nios_ii: Generating nios_ii "nios_ii" for QUARTUS_SYNTH
Info: pipeline_bridge_swap_transform: After transform: 7 modules, 23 connections
Info: merlin_custom_instruction_transform: After transform: 10 modules, 26 connections
Info: merlin_translator_transform: After transform: 17 modules, 47 connections
Info: merlin_domain_transform: After transform: 30 modules, 111 connections
Info: merlin_router_transform: After transform: 37 modules, 132 connections
Info: reset_adaptation_transform: After transform: 38 modules, 134 connections
Info: merlin_network_to_switch_transform: After transform: 51 modules, 168 connections
Info: merlin_mm_transform: After transform: 51 modules, 168 connections
Info: merlin_interrupt_mapper_transform: After transform: 52 modules, 171 connections
Warning: nios_ii: "No matching role found for clk_0:clk:clk_out (clk)"
Warning: nios_ii: "No matching role found for nios2_qsys_0_custom_instruction_master_multi_xconnect:ci_slave:ci_slave_ipending (ipending)"
Warning: nios_ii: "No matching role found for nios2_qsys_0_custom_instruction_master_multi_xconnect:ci_slave:ci_slave_estatus (estatus)"
Warning: nios_ii: "No matching role found for nios2_qsys_0_custom_instruction_master_multi_slave_translator0:ci_master:ci_master_result (result)"
Warning: nios_ii: "No matching role found for nios2_qsys_0_custom_instruction_master_multi_slave_translator0:ci_master:ci_master_reset (reset)"
Warning: nios_ii: "No matching role found for rst_controller:reset_out:reset_req (reset_req)"
Warning: nios_ii: "No matching role found for rst_controller:reset_out:reset_req (reset_req)"
Warning: nios_ii: "No matching role found for rst_controller:reset_out:reset_req (reset_req)"
Warning: nios_ii: "No matching role found for rst_controller:reset_out:reset_req (reset_req)"
Warning: nios_ii: "No matching role found for rst_controller:reset_out:reset_req (reset_req)"
Warning: nios_ii: "No matching role found for rst_controller:reset_out:reset_req (reset_req)"
Warning: nios_ii: "No matching role found for rst_controller:reset_out:reset_req (reset_req)"
Warning: nios_ii: "No matching role found for rst_controller:reset_out:reset_req (reset_req)"
Warning: nios_ii: "No matching role found for rst_controller:reset_out:reset_req (reset_req)"
Warning: nios_ii: "No matching role found for rst_controller:reset_out:reset_req (reset_req)"
Warning: nios_ii: "No matching role found for rst_controller:reset_out:reset_req (reset_req)"
Warning: nios_ii: "No matching role found for rst_controller:reset_out:reset_req (reset_req)"
Warning: nios_ii: "No matching role found for rst_controller:reset_out:reset_req (reset_req)"
Warning: nios_ii: "No matching role found for rst_controller:reset_out:reset_req (reset_req)"
Warning: nios_ii: "No matching role found for rst_controller:reset_out:reset_req (reset_req)"
Warning: nios_ii: "No matching role found for rst_controller:reset_out:reset_req (reset_req)"
Warning: nios_ii: "No matching role found for rst_controller:reset_out:reset_req (reset_req)"
Warning: nios_ii: "No matching role found for rst_controller:reset_out:reset_req (reset_req)"
Warning: nios_ii: "No matching role found for rst_controller:reset_out:reset_req (reset_req)"
Warning: nios_ii: "No matching role found for rst_controller:reset_out:reset_req (reset_req)"
Warning: nios_ii: "No matching role found for rst_controller:reset_out:reset_req (reset_req)"
Warning: nios_ii: "No matching role found for rst_controller:reset_out:reset_req (reset_req)"
Warning: nios_ii: "No matching role found for rst_controller:reset_out:reset_req (reset_req)"
Warning: nios_ii: "No matching role found for rst_controller:reset_out:reset_req (reset_req)"
Warning: nios_ii: "No matching role found for rst_controller:reset_out:reset_req (reset_req)"
Warning: nios_ii: "No matching role found for rst_controller:reset_out:reset_req (reset_req)"
Warning: nios_ii: "No matching role found for rst_controller:reset_out:reset_req (reset_req)"
Warning: nios_ii: "No matching role found for rst_controller:reset_out:reset_req (reset_req)"
Warning: nios_ii: "No matching role found for rst_controller:reset_out:reset_req (reset_req)"
Warning: nios_ii: "No matching role found for rst_controller:reset_out:reset_req (reset_req)"
Warning: nios_ii: "No matching role found for rst_controller:reset_out:reset_req (reset_req)"
Warning: nios_ii: "No matching role found for rst_controller:reset_out:reset_req (reset_req)"
Warning: nios_ii: "No matching role found for rst_controller:reset_out:reset_req (reset_req)"
Warning: nios_ii: "No matching role found for rst_controller:reset_out:reset_req (reset_req)"
Warning: nios_ii: "No matching role found for rst_controller:reset_out:reset_req (reset_req)"
Warning: nios_ii: "No matching role found for rst_controller:reset_out:reset_req (reset_req)"
Warning: nios_ii: "No matching role found for rst_controller:reset_out:reset_req (reset_req)"
Warning: nios_ii: "No matching role found for rst_controller:reset_out:reset_req (reset_req)"
Warning: nios_ii: "No matching role found for rst_controller:reset_out:reset_req (reset_req)"
Warning: nios_ii: "No matching role found for rst_controller:reset_out:reset_req (reset_req)"
Warning: nios_ii: "No matching role found for rst_controller:reset_out:reset_req (reset_req)"
Warning: nios_ii: "No matching role found for rst_controller:reset_out:reset_req (reset_req)"
Warning: nios_ii: "No matching role found for rst_controller:reset_out:reset_req (reset_req)"
Warning: nios_ii: "No matching role found for rst_controller:reset_out:reset_req (reset_req)"
Warning: nios_ii: "No matching role found for rst_controller:reset_out:reset_req (reset_req)"
Error: Generation stopped, 51 or more modules remaining
Info: nios_ii: Done nios_ii" with 23 modules, 1 files, 292606 bytes
Error: ip-generate failed with exit code 1: 2 Errors, 50 Warnings
Info: Stopping: Create HDL design files for synthesis
