Info: Starting: Create block symbol file (.bsf)
Info: ip-generate --project-directory="C:/Users/Lucas Cardoso/Documents/SD/Projeto1/" --output-directory="C:/Users/Lucas Cardoso/Documents/SD/Projeto1/processor/" --report-file="bsf:C:/Users/Lucas Cardoso/Documents/SD/Projeto1/processor.bsf" --system-info=DEVICE_FAMILY="Cyclone IV E" --system-info=DEVICE=EP4CE6E22C8 --system-info=DEVICE_SPEEDGRADE=8 --component-file="C:/Users/Lucas Cardoso/Documents/SD/Projeto1/processor.qsys"
Progress: Loading Projeto1/processor.qsys
Progress: Reading input file
Progress: Adding clk_0 [clock_source 13.0]
Progress: Parameterizing module clk_0
Progress: Adding nios2_qsys_0 [altera_nios2_qsys 13.0]
Progress: Parameterizing module nios2_qsys_0
Progress: Adding onchip_memory2_0 [altera_avalon_onchip_memory2 13.0.1.99.2]
Progress: Parameterizing module onchip_memory2_0
Progress: Adding jtag_uart_0 [altera_avalon_jtag_uart 13.0.1.99.2]
Progress: Parameterizing module jtag_uart_0
Progress: Adding pio_0 [altera_avalon_pio 13.0.1.99.2]
Progress: Parameterizing module pio_0
Progress: Adding pio_1 [altera_avalon_pio 13.0.1.99.2]
Progress: Parameterizing module pio_1
Progress: Building connections
Progress: Parameterizing connections
Progress: Validating
Progress: Done reading input file
Info: processor.pio_1: PIO inputs are not hardwired in test bench. Undefined values will be read from PIO inputs during simulation.
Warning: processor.jtag_uart_0: Interrupt sender jtag_uart_0.irq is not connected to an interrupt receiver
Info: ip-generate succeeded.
Info: Finished: Create block symbol file (.bsf)
Info: 
Info: Starting: Create HDL design files for synthesis
Info: ip-generate --project-directory="C:/Users/Lucas Cardoso/Documents/SD/Projeto1/" --output-directory="C:/Users/Lucas Cardoso/Documents/SD/Projeto1/processor/synthesis/" --file-set=QUARTUS_SYNTH --report-file="sopcinfo:C:/Users/Lucas Cardoso/Documents/SD/Projeto1/processor.sopcinfo" --report-file="html:C:/Users/Lucas Cardoso/Documents/SD/Projeto1/processor.html" --report-file="qip:C:/Users/Lucas Cardoso/Documents/SD/Projeto1/processor/synthesis/processor.qip" --report-file="cmp:C:/Users/Lucas Cardoso/Documents/SD/Projeto1/processor.cmp" --report-file=svd --system-info=DEVICE_FAMILY="Cyclone IV E" --system-info=DEVICE=EP4CE6E22C8 --system-info=DEVICE_SPEEDGRADE=8 --component-file="C:/Users/Lucas Cardoso/Documents/SD/Projeto1/processor.qsys" --language=VERILOG
Progress: Loading Projeto1/processor.qsys
Progress: Reading input file
Progress: Adding clk_0 [clock_source 13.0]
Progress: Parameterizing module clk_0
Progress: Adding nios2_qsys_0 [altera_nios2_qsys 13.0]
Progress: Parameterizing module nios2_qsys_0
Progress: Adding onchip_memory2_0 [altera_avalon_onchip_memory2 13.0.1.99.2]
Progress: Parameterizing module onchip_memory2_0
Progress: Adding jtag_uart_0 [altera_avalon_jtag_uart 13.0.1.99.2]
Progress: Parameterizing module jtag_uart_0
Progress: Adding pio_0 [altera_avalon_pio 13.0.1.99.2]
Progress: Parameterizing module pio_0
Progress: Adding pio_1 [altera_avalon_pio 13.0.1.99.2]
Progress: Parameterizing module pio_1
Progress: Building connections
Progress: Parameterizing connections
Progress: Validating
Progress: Done reading input file
Info: processor.pio_1: PIO inputs are not hardwired in test bench. Undefined values will be read from PIO inputs during simulation.
Warning: processor.jtag_uart_0: Interrupt sender jtag_uart_0.irq is not connected to an interrupt receiver
Info: processor: Generating processor "processor" for QUARTUS_SYNTH
Info: pipeline_bridge_swap_transform: After transform: 6 modules, 20 connections
Info: No custom instruction connections, skipping transform 
Info: merlin_translator_transform: After transform: 13 modules, 41 connections
Info: merlin_domain_transform: After transform: 26 modules, 105 connections
Info: merlin_router_transform: After transform: 33 modules, 126 connections
Info: reset_adaptation_transform: After transform: 34 modules, 128 connections
Info: merlin_network_to_switch_transform: After transform: 47 modules, 162 connections
Info: merlin_mm_transform: After transform: 47 modules, 162 connections
Info: merlin_interrupt_mapper_transform: After transform: 48 modules, 165 connections
Warning: processor: "No matching role found for rst_controller:reset_out:reset_req (reset_req)"
Warning: processor: "No matching role found for rst_controller:reset_out:reset_req (reset_req)"
Warning: processor: "No matching role found for rst_controller:reset_out:reset_req (reset_req)"
Warning: processor: "No matching role found for rst_controller:reset_out:reset_req (reset_req)"
Warning: processor: "No matching role found for rst_controller:reset_out:reset_req (reset_req)"
Warning: processor: "No matching role found for rst_controller:reset_out:reset_req (reset_req)"
Warning: processor: "No matching role found for rst_controller:reset_out:reset_req (reset_req)"
Warning: processor: "No matching role found for rst_controller:reset_out:reset_req (reset_req)"
Warning: processor: "No matching role found for rst_controller:reset_out:reset_req (reset_req)"
Warning: processor: "No matching role found for rst_controller:reset_out:reset_req (reset_req)"
Warning: processor: "No matching role found for rst_controller:reset_out:reset_req (reset_req)"
Warning: processor: "No matching role found for rst_controller:reset_out:reset_req (reset_req)"
Warning: processor: "No matching role found for rst_controller:reset_out:reset_req (reset_req)"
Warning: processor: "No matching role found for rst_controller:reset_out:reset_req (reset_req)"
Warning: processor: "No matching role found for rst_controller:reset_out:reset_req (reset_req)"
Warning: processor: "No matching role found for rst_controller:reset_out:reset_req (reset_req)"
Warning: processor: "No matching role found for rst_controller:reset_out:reset_req (reset_req)"
Warning: processor: "No matching role found for rst_controller:reset_out:reset_req (reset_req)"
Warning: processor: "No matching role found for rst_controller:reset_out:reset_req (reset_req)"
Warning: processor: "No matching role found for rst_controller:reset_out:reset_req (reset_req)"
Warning: processor: "No matching role found for rst_controller:reset_out:reset_req (reset_req)"
Warning: processor: "No matching role found for rst_controller:reset_out:reset_req (reset_req)"
Warning: processor: "No matching role found for rst_controller:reset_out:reset_req (reset_req)"
Warning: processor: "No matching role found for rst_controller:reset_out:reset_req (reset_req)"
Warning: processor: "No matching role found for rst_controller:reset_out:reset_req (reset_req)"
Warning: processor: "No matching role found for rst_controller:reset_out:reset_req (reset_req)"
Warning: processor: "No matching role found for rst_controller:reset_out:reset_req (reset_req)"
Warning: processor: "No matching role found for rst_controller:reset_out:reset_req (reset_req)"
Warning: processor: "No matching role found for rst_controller:reset_out:reset_req (reset_req)"
Warning: processor: "No matching role found for rst_controller:reset_out:reset_req (reset_req)"
Warning: processor: "No matching role found for rst_controller:reset_out:reset_req (reset_req)"
Warning: processor: "No matching role found for rst_controller:reset_out:reset_req (reset_req)"
Warning: processor: "No matching role found for rst_controller:reset_out:reset_req (reset_req)"
Warning: processor: "No matching role found for rst_controller:reset_out:reset_req (reset_req)"
Warning: processor: "No matching role found for rst_controller:reset_out:reset_req (reset_req)"
Warning: processor: "No matching role found for rst_controller:reset_out:reset_req (reset_req)"
Warning: processor: "No matching role found for rst_controller:reset_out:reset_req (reset_req)"
Warning: processor: "No matching role found for rst_controller:reset_out:reset_req (reset_req)"
Warning: processor: "No matching role found for rst_controller:reset_out:reset_req (reset_req)"
Warning: processor: "No matching role found for rst_controller:reset_out:reset_req (reset_req)"
Warning: processor: "No matching role found for rst_controller:reset_out:reset_req (reset_req)"
Warning: processor: "No matching role found for rst_controller:reset_out:reset_req (reset_req)"
Warning: processor: "No matching role found for rst_controller:reset_out:reset_req (reset_req)"
Warning: processor: "No matching role found for rst_controller:reset_out:reset_req (reset_req)"
Warning: processor: "No matching role found for rst_controller:reset_out:reset_req (reset_req)"
Info: nios2_qsys_0: Starting RTL generation for module 'processor_nios2_qsys_0'
Info: nios2_qsys_0:   Generation command is [exec C:/altera/13.0sp1/quartus/../ip/altera/nios2_ip/altera_nios2/eperl.exe -I C:/altera/13.0sp1/quartus/common/ip/altera/common/perl/5.8.3 -I C:/altera/13.0sp1/quartus/sopc_builder/bin/europa -I C:/altera/13.0sp1/quartus/sopc_builder/bin/perl_lib -I C:/altera/13.0sp1/quartus/sopc_builder/bin -I C:/altera/13.0sp1/quartus/../ip/altera/nios2_ip/altera_nios2/cpu_lib -I C:/altera/13.0sp1/quartus/../ip/altera/nios2_ip/altera_nios2/nios_lib -I C:/altera/13.0sp1/quartus/../ip/altera/nios2_ip/altera_nios2 -I C:/altera/13.0sp1/quartus/../ip/altera/nios2_ip/altera_nios2 -- C:/altera/13.0sp1/quartus/../ip/altera/nios2_ip/altera_nios2/generate_rtl.epl --name=processor_nios2_qsys_0 --dir=C:/Users/LUCASC~1/AppData/Local/Temp/alt7987_7853253935695805991.dir/0001_nios2_qsys_0_gen/ --quartus_dir=C:/altera/13.0sp1/quartus --verilog --config=C:/Users/LUCASC~1/AppData/Local/Temp/alt7987_7853253935695805991.dir/0001_nios2_qsys_0_gen//processor_nios2_qsys_0_processor_configuration.pl  --do_build_sim=0    --bogus  ]
Info: nios2_qsys_0: # 2019.04.01 12:11:00 (*) Starting Nios II generation
Info: nios2_qsys_0: # 2019.04.01 12:11:00 (*)   Checking for plaintext license.
Info: nios2_qsys_0: # 2019.04.01 12:11:02 (*)   Couldn't query license setup in Quartus directory C:/altera/13.0sp1/quartus
Info: nios2_qsys_0: # 2019.04.01 12:11:02 (*)   Defaulting to contents of LM_LICENSE_FILE environment variable
Info: nios2_qsys_0: # 2019.04.01 12:11:02 (*)   LM_LICENSE_FILE environment variable is empty
Info: nios2_qsys_0: # 2019.04.01 12:11:02 (*)   Plaintext license not found.
Info: nios2_qsys_0: # 2019.04.01 12:11:02 (*)   No license required to generate encrypted Nios II/e.
Info: nios2_qsys_0: # 2019.04.01 12:11:02 (*)   Elaborating CPU configuration settings
Info: nios2_qsys_0: # 2019.04.01 12:11:02 (*)   Creating all objects for CPU
Info: nios2_qsys_0: # 2019.04.01 12:11:04 (*)   Generating RTL from CPU objects
Info: nios2_qsys_0: # 2019.04.01 12:11:04 (*)   Creating plain-text RTL
Info: nios2_qsys_0: # 2019.04.01 12:11:07 (*) Done Nios II generation
Info: nios2_qsys_0: Done RTL generation for module 'processor_nios2_qsys_0'
Info: nios2_qsys_0: "processor" instantiated altera_nios2_qsys "nios2_qsys_0"
Info: onchip_memory2_0: Starting RTL generation for module 'processor_onchip_memory2_0'
Info: onchip_memory2_0:   Generation command is [exec C:/altera/13.0sp1/quartus/bin/perl/bin/perl.exe -I C:/altera/13.0sp1/quartus/common/ip/altera/common/perl/5.8.3 -I C:/altera/13.0sp1/quartus/sopc_builder/bin/europa -I C:/altera/13.0sp1/quartus/sopc_builder/bin/perl_lib -I C:/altera/13.0sp1/quartus/sopc_builder/bin -I C:/altera/13.0sp1/quartus/../ip/altera/sopc_builder_ip/common -I C:/altera/13.0sp1/quartus/../ip/altera/sopc_builder_ip/altera_avalon_onchip_memory2 -- C:/altera/13.0sp1/quartus/../ip/altera/sopc_builder_ip/altera_avalon_onchip_memory2/generate_rtl.pl --name=processor_onchip_memory2_0 --dir=C:/Users/LUCASC~1/AppData/Local/Temp/alt7987_7853253935695805991.dir/0002_onchip_memory2_0_gen/ --quartus_dir=C:/altera/13.0sp1/quartus --verilog --config=C:/Users/LUCASC~1/AppData/Local/Temp/alt7987_7853253935695805991.dir/0002_onchip_memory2_0_gen//processor_onchip_memory2_0_component_configuration.pl  --do_build_sim=0  ]
Info: onchip_memory2_0: Done RTL generation for module 'processor_onchip_memory2_0'
Info: onchip_memory2_0: "processor" instantiated altera_avalon_onchip_memory2 "onchip_memory2_0"
Info: jtag_uart_0: Starting RTL generation for module 'processor_jtag_uart_0'
Info: jtag_uart_0:   Generation command is [exec C:/altera/13.0sp1/quartus/bin/perl/bin/perl.exe -I C:/altera/13.0sp1/quartus/common/ip/altera/common/perl/5.8.3 -I C:/altera/13.0sp1/quartus/sopc_builder/bin/europa -I C:/altera/13.0sp1/quartus/sopc_builder/bin/perl_lib -I C:/altera/13.0sp1/quartus/sopc_builder/bin -I C:/altera/13.0sp1/quartus/../ip/altera/sopc_builder_ip/common -I C:/altera/13.0sp1/quartus/../ip/altera/sopc_builder_ip/altera_avalon_jtag_uart -- C:/altera/13.0sp1/quartus/../ip/altera/sopc_builder_ip/altera_avalon_jtag_uart/generate_rtl.pl --name=processor_jtag_uart_0 --dir=C:/Users/LUCASC~1/AppData/Local/Temp/alt7987_7853253935695805991.dir/0003_jtag_uart_0_gen/ --quartus_dir=C:/altera/13.0sp1/quartus --verilog --config=C:/Users/LUCASC~1/AppData/Local/Temp/alt7987_7853253935695805991.dir/0003_jtag_uart_0_gen//processor_jtag_uart_0_component_configuration.pl  --do_build_sim=0  ]
Info: jtag_uart_0: Done RTL generation for module 'processor_jtag_uart_0'
Info: jtag_uart_0: "processor" instantiated altera_avalon_jtag_uart "jtag_uart_0"
Info: pio_0: Starting RTL generation for module 'processor_pio_0'
Info: pio_0:   Generation command is [exec C:/altera/13.0sp1/quartus/bin/perl/bin/perl.exe -I C:/altera/13.0sp1/quartus/common/ip/altera/common/perl/5.8.3 -I C:/altera/13.0sp1/quartus/sopc_builder/bin/europa -I C:/altera/13.0sp1/quartus/sopc_builder/bin/perl_lib -I C:/altera/13.0sp1/quartus/sopc_builder/bin -I C:/altera/13.0sp1/quartus/../ip/altera/sopc_builder_ip/common -I C:/altera/13.0sp1/quartus/../ip/altera/sopc_builder_ip/altera_avalon_pio -- C:/altera/13.0sp1/quartus/../ip/altera/sopc_builder_ip/altera_avalon_pio/generate_rtl.pl --name=processor_pio_0 --dir=C:/Users/LUCASC~1/AppData/Local/Temp/alt7987_7853253935695805991.dir/0004_pio_0_gen/ --quartus_dir=C:/altera/13.0sp1/quartus --verilog --config=C:/Users/LUCASC~1/AppData/Local/Temp/alt7987_7853253935695805991.dir/0004_pio_0_gen//processor_pio_0_component_configuration.pl  --do_build_sim=0  ]
Info: pio_0: Done RTL generation for module 'processor_pio_0'
Info: pio_0: "processor" instantiated altera_avalon_pio "pio_0"
Info: pio_1: Starting RTL generation for module 'processor_pio_1'
Info: pio_1:   Generation command is [exec C:/altera/13.0sp1/quartus/bin/perl/bin/perl.exe -I C:/altera/13.0sp1/quartus/common/ip/altera/common/perl/5.8.3 -I C:/altera/13.0sp1/quartus/sopc_builder/bin/europa -I C:/altera/13.0sp1/quartus/sopc_builder/bin/perl_lib -I C:/altera/13.0sp1/quartus/sopc_builder/bin -I C:/altera/13.0sp1/quartus/../ip/altera/sopc_builder_ip/common -I C:/altera/13.0sp1/quartus/../ip/altera/sopc_builder_ip/altera_avalon_pio -- C:/altera/13.0sp1/quartus/../ip/altera/sopc_builder_ip/altera_avalon_pio/generate_rtl.pl --name=processor_pio_1 --dir=C:/Users/LUCASC~1/AppData/Local/Temp/alt7987_7853253935695805991.dir/0005_pio_1_gen/ --quartus_dir=C:/altera/13.0sp1/quartus --verilog --config=C:/Users/LUCASC~1/AppData/Local/Temp/alt7987_7853253935695805991.dir/0005_pio_1_gen//processor_pio_1_component_configuration.pl  --do_build_sim=0  ]
Info: pio_1: Done RTL generation for module 'processor_pio_1'
Info: pio_1: "processor" instantiated altera_avalon_pio "pio_1"
Info: nios2_qsys_0_instruction_master_translator: "processor" instantiated altera_merlin_master_translator "nios2_qsys_0_instruction_master_translator"
Info: nios2_qsys_0_jtag_debug_module_translator: "processor" instantiated altera_merlin_slave_translator "nios2_qsys_0_jtag_debug_module_translator"
Info: nios2_qsys_0_instruction_master_translator_avalon_universal_master_0_agent: "processor" instantiated altera_merlin_master_agent "nios2_qsys_0_instruction_master_translator_avalon_universal_master_0_agent"
Info: nios2_qsys_0_jtag_debug_module_translator_avalon_universal_slave_0_agent: "processor" instantiated altera_merlin_slave_agent "nios2_qsys_0_jtag_debug_module_translator_avalon_universal_slave_0_agent"
Info: nios2_qsys_0_jtag_debug_module_translator_avalon_universal_slave_0_agent_rsp_fifo: "processor" instantiated altera_avalon_sc_fifo "nios2_qsys_0_jtag_debug_module_translator_avalon_universal_slave_0_agent_rsp_fifo"
Info: addr_router: "processor" instantiated altera_merlin_router "addr_router"
Info: id_router: "processor" instantiated altera_merlin_router "id_router"
Info: rst_controller: "processor" instantiated altera_reset_controller "rst_controller"
Info: cmd_xbar_demux: "processor" instantiated altera_merlin_demultiplexer "cmd_xbar_demux"
Info: cmd_xbar_mux: "processor" instantiated altera_merlin_multiplexer "cmd_xbar_mux"
Info: rsp_xbar_demux: "processor" instantiated altera_merlin_demultiplexer "rsp_xbar_demux"
Info: rsp_xbar_mux: "processor" instantiated altera_merlin_multiplexer "rsp_xbar_mux"
Info: Reusing file C:/Users/Lucas Cardoso/Documents/SD/Projeto1/processor/synthesis/submodules/altera_merlin_arbitrator.sv
Info: irq_mapper: "processor" instantiated altera_irq_mapper "irq_mapper"
Info: processor: Done processor" with 19 modules, 71 files, 1345956 bytes
Info: ip-generate succeeded.
Info: Finished: Create HDL design files for synthesis
