Flow report for P1_Final
Sat Jun 15 17:05:09 2019
Quartus II 64-Bit Version 13.0.1 Build 232 06/12/2013 Service Pack 1 SJ Web Edition


---------------------
; Table of Contents ;
---------------------
  1. Legal Notice
  2. Flow Summary
  3. Flow Settings
  4. Flow Non-Default Global Settings
  5. Flow Elapsed Time
  6. Flow OS Summary
  7. Flow Log
  8. Flow Messages
  9. Flow Suppressed Messages



----------------
; Legal Notice ;
----------------
Copyright (C) 1991-2013 Altera Corporation
Your use of Altera Corporation's design tools, logic functions 
and other software and tools, and its AMPP partner logic 
functions, and any output files from any of the foregoing 
(including device programming or simulation files), and any 
associated documentation or information are expressly subject 
to the terms and conditions of the Altera Program License 
Subscription Agreement, Altera MegaCore Function License 
Agreement, or other applicable license agreement, including, 
without limitation, that your use is for the sole purpose of 
programming logic devices manufactured by Altera and sold by 
Altera or its authorized distributors.  Please refer to the 
applicable agreement for further details.



+--------------------------------------------------------------------------------------+
; Flow Summary                                                                         ;
+------------------------------------+-------------------------------------------------+
; Flow Status                        ; Successful - Sat Jun 15 17:05:03 2019           ;
; Quartus II 64-Bit Version          ; 13.0.1 Build 232 06/12/2013 SP 1 SJ Web Edition ;
; Revision Name                      ; P1_Final                                        ;
; Top-level Entity Name              ; cpu_evolution                                   ;
; Family                             ; Cyclone IV E                                    ;
; Device                             ; EP4CE6E22C8                                     ;
; Timing Models                      ; Final                                           ;
; Total logic elements               ; 1,674 / 6,272 ( 27 % )                          ;
;     Total combinational functions  ; 1,570 / 6,272 ( 25 % )                          ;
;     Dedicated logic registers      ; 929 / 6,272 ( 15 % )                            ;
; Total registers                    ; 929                                             ;
; Total pins                         ; 28 / 92 ( 30 % )                                ;
; Total virtual pins                 ; 0                                               ;
; Total memory bits                  ; 44,032 / 276,480 ( 16 % )                       ;
; Embedded Multiplier 9-bit elements ; 0 / 30 ( 0 % )                                  ;
; Total PLLs                         ; 0 / 2 ( 0 % )                                   ;
+------------------------------------+-------------------------------------------------+


+-----------------------------------------+
; Flow Settings                           ;
+-------------------+---------------------+
; Option            ; Setting             ;
+-------------------+---------------------+
; Start date & time ; 06/15/2019 17:04:09 ;
; Main task         ; Compilation         ;
; Revision Name     ; P1_Final            ;
+-------------------+---------------------+


+--------------------------------------------------------------------------------------------------------------------------+
; Flow Non-Default Global Settings                                                                                         ;
+-------------------------------------+---------------------------------------+---------------+---------------+------------+
; Assignment Name                     ; Value                                 ; Default Value ; Entity Name   ; Section Id ;
+-------------------------------------+---------------------------------------+---------------+---------------+------------+
; COMPILER_SIGNATURE_ID               ; 40637543367679.156062904806964        ; --            ; --            ; --         ;
; MAX_CORE_JUNCTION_TEMP              ; 85                                    ; --            ; --            ; --         ;
; MIN_CORE_JUNCTION_TEMP              ; 0                                     ; --            ; --            ; --         ;
; NOMINAL_CORE_SUPPLY_VOLTAGE         ; 1.2V                                  ; --            ; --            ; --         ;
; PARTITION_COLOR                     ; 16764057                              ; --            ; cpu_evolution ; Top        ;
; PARTITION_FITTER_PRESERVATION_LEVEL ; PLACEMENT_AND_ROUTING                 ; --            ; cpu_evolution ; Top        ;
; PARTITION_NETLIST_TYPE              ; SOURCE                                ; --            ; cpu_evolution ; Top        ;
; POWER_BOARD_THERMAL_MODEL           ; None (CONSERVATIVE)                   ; --            ; --            ; --         ;
; POWER_PRESET_COOLING_SOLUTION       ; 23 MM HEAT SINK WITH 200 LFPM AIRFLOW ; --            ; --            ; --         ;
; PROJECT_OUTPUT_DIRECTORY            ; output_files                          ; --            ; --            ; --         ;
; TOP_LEVEL_ENTITY                    ; cpu_evolution                         ; P1_Final      ; --            ; --         ;
+-------------------------------------+---------------------------------------+---------------+---------------+------------+


+-------------------------------------------------------------------------------------------------------------------------------+
; Flow Elapsed Time                                                                                                             ;
+---------------------------+--------------+-------------------------+---------------------+------------------------------------+
; Module Name               ; Elapsed Time ; Average Processors Used ; Peak Virtual Memory ; Total CPU Time (on all processors) ;
+---------------------------+--------------+-------------------------+---------------------+------------------------------------+
; Analysis & Synthesis      ; 00:00:34     ; 1.0                     ; 4727 MB             ; 00:00:33                           ;
; Fitter                    ; 00:00:15     ; 1.0                     ; 4945 MB             ; 00:00:15                           ;
; Assembler                 ; 00:00:02     ; 1.0                     ; 4572 MB             ; 00:00:02                           ;
; TimeQuest Timing Analyzer ; 00:00:05     ; 1.0                     ; 4639 MB             ; 00:00:05                           ;
; Total                     ; 00:00:56     ; --                      ; --                  ; 00:00:55                           ;
+---------------------------+--------------+-------------------------+---------------------+------------------------------------+


+----------------------------------------------------------------------------------------+
; Flow OS Summary                                                                        ;
+---------------------------+------------------+-----------+------------+----------------+
; Module Name               ; Machine Hostname ; OS Name   ; OS Version ; Processor type ;
+---------------------------+------------------+-----------+------------+----------------+
; Analysis & Synthesis      ; DESKTOP-D5BAG4Q  ; Windows 7 ; 6.2        ; x86_64         ;
; Fitter                    ; DESKTOP-D5BAG4Q  ; Windows 7 ; 6.2        ; x86_64         ;
; Assembler                 ; DESKTOP-D5BAG4Q  ; Windows 7 ; 6.2        ; x86_64         ;
; TimeQuest Timing Analyzer ; DESKTOP-D5BAG4Q  ; Windows 7 ; 6.2        ; x86_64         ;
+---------------------------+------------------+-----------+------------+----------------+


------------
; Flow Log ;
------------
quartus_map --read_settings_files=on --write_settings_files=off P1_Final -c P1_Final
quartus_fit --read_settings_files=off --write_settings_files=off P1_Final -c P1_Final
quartus_asm --read_settings_files=off --write_settings_files=off P1_Final -c P1_Final
quartus_sta P1_Final -c P1_Final



